<?xml version="1.0" encoding="UTF-8"?>
<!-- Generated by org.testng.reporters.JUnitReportReporter -->
<testsuite hostname="Switch1-Desktop" failures="0" tests="1" name="POMPOFdemo.POMPOFdemo.LoginTest" time="58.138" errors="0" timestamp="2023-06-05T12:20:38 IST" skipped="0">
  <testcase classname="POMPOFdemo.POMPOFdemo.LoginTest" name="login" time="58.138"/>
  <system-out/>
</testsuite> <!-- POMPOFdemo.POMPOFdemo.LoginTest -->
